#
# A fatal error has been detected by the Java Runtime Environment:
#
#  EXCEPTION_STACK_OVERFLOW (0xc00000fd) at pc=0x00007ff941b2dc13, pid=10648, tid=3720
#
# JRE version: OpenJDK Runtime Environment (17.0.7) (build 17.0.7+0-b2043.56-10550314)
# Java VM: OpenJDK 64-Bit Server VM (17.0.7+0-b2043.56-10550314, mixed mode, tiered, compressed oops, compressed class ptrs, g1 gc, windows-amd64)
# Problematic frame:
# V  [jvm.dll+0x38dc13]
#
# No core dump will be written. Minidumps are not enabled by default on client versions of Windows
#
# If you would like to submit a bug report, please visit:
#   https://bugreport.java.com/bugreport/crash.jsp
#

---------------  S U M M A R Y ------------

Command Line: --add-opens=java.base/java.util=ALL-UNNAMED --add-opens=java.base/java.lang=ALL-UNNAMED --add-opens=java.base/java.lang.invoke=ALL-UNNAMED --add-opens=java.prefs/java.util.prefs=ALL-UNNAMED --add-opens=java.base/java.nio.charset=ALL-UNNAMED --add-opens=java.base/java.net=ALL-UNNAMED --add-opens=java.base/java.util.concurrent.atomic=ALL-UNNAMED -Xmx2048m -Dfile.encoding=UTF-8 -Duser.country=TR -Duser.language=tr -Duser.variant -javaagent:C:\Users\Yunus Emre Uslu\.gradle\wrapper\dists\gradle-8.6-rc-3-bin\evbdjqcw3b1fe5adhewlugil7\gradle-8.6-rc-3\lib\agents\gradle-instrumentation-agent-8.6.jar org.gradle.launcher.daemon.bootstrap.GradleDaemon 8.6-rc-3

Host: AMD Ryzen 5 2400G with Radeon Vega Graphics    , 8 cores, 13G,  Windows 10 , 64 bit Build 19041 (10.0.19041.3636)
Time: Thu Feb 29 19:22:40 2024 Türkiye Standart Saati elapsed time: 10221.388053 seconds (0d 2h 50m 21s)

---------------  T H R E A D  ---------------

Current thread (0x000001e970d5a070):  JavaThread "Stdin handler" [_thread_in_vm, id=3720, stack(0x000000bb2e400000,0x000000bb2e500000)]

Stack: [0x000000bb2e400000,0x000000bb2e500000],  sp=0x000000bb2e4ff620,  free space=1021k
Native frames: (J=compiled Java code, j=interpreted, Vv=VM code, C=native code)
V  [jvm.dll+0x38dc13]
V  [jvm.dll+0x683b22]
V  [jvm.dll+0x38e86b]
V  [jvm.dll+0x38eaf7]
V  [jvm.dll+0x414b21]
V  [jvm.dll+0x7f858c]
V  [jvm.dll+0x7f2aea]
